0 info it worked if it ends with ok
1 verbose cli [ 'C:\\Program Files\\nodejs\\\\node.exe',
1 verbose cli   'C:\\Program Files\\nodejs\\node_modules\\npm\\bin\\npm-cli.js',
1 verbose cli   'start' ]
2 info using npm@1.4.28
3 info using node@v0.10.33
4 verbose node symlink C:\Program Files\nodejs\\node.exe
5 verbose run-script [ 'prestart', 'start', 'poststart' ]
6 info prestart passport-mongo@0.0.1
7 info start passport-mongo@0.0.1
8 error Error: write EINVAL
8 error     at errnoException (net.js:904:11)
8 error     at Socket._write (net.js:645:26)
8 error     at doWrite (_stream_writable.js:225:10)
8 error     at writeOrBuffer (_stream_writable.js:215:5)
8 error     at Socket.Writable.write (_stream_writable.js:182:11)
8 error     at Socket.write (net.js:615:40)
8 error     at Console.log (console.js:53:16)
8 error     at runCmd (C:\Program Files\nodejs\node_modules\npm\lib\utils\lifecycle.js:167:13)
8 error     at runPackageLifecycle (C:\Program Files\nodejs\node_modules\npm\lib\utils\lifecycle.js:138:3)
8 error     at Array.0 (C:\Program Files\nodejs\node_modules\npm\node_modules\slide\lib\bind-actor.js:15:8)
9 error If you need help, you may report this *entire* log,
9 error including the npm and node versions, at:
9 error     <http://github.com/npm/npm/issues>
10 error System Windows_NT 6.2.9200
11 error command "C:\\Program Files\\nodejs\\\\node.exe" "C:\\Program Files\\nodejs\\node_modules\\npm\\bin\\npm-cli.js" "start"
12 error cwd C:\Luciano\Projetos\NodeJS\passport-mongo
13 error node -v v0.10.33
14 error npm -v 1.4.28
15 error syscall write
16 error code EINVAL
17 error errno EINVAL
18 verbose exit [ 1, true ]
